<?xml version="1.0" encoding="UTF-8"?>
<!-- Generated by org.testng.reporters.JUnitReportReporter -->
<testsuite hostname="LTIN-APLGYN0H625G9" failures="0" tests="1" name="ScenarioOne.EbayCartOne" time="31.824" errors="0" timestamp="2024-05-18T17:52:56 IST" skipped="0">
  <testcase classname="ScenarioOne.EbayCartOne" name="testcase" time="31.824"/>
  <system-out>
    <![CDATA[Product:  Price: 
Product:  Price: 
Product: CAT S22 Unlocked 4G LTE Rugged Touch Screen 16GB Android Flip Phone - Excellent Price: $55.00
Product: Apple iPhone 6 16GB 32GB 64GB 128GB Unlocked Verizon AT&T T-Mobile - Excellent! Price: $54.95 to $94.95
Product: Apple iPhone SE 2nd Gen. - 64GB | 128GB | 256GB (Unlocked) A2275 - Excellent Price: $99.95
Product: Apple iPhone 6S - 16GB | 32GB | 64GB | 128GB (Unlocked) Smartphone - Excellent Price: $64.95 to $114.95
Product: Motorola Moto G Play 2024 XT2413-2 64GB Blue (Unlocked) Excellent Price: $89.99
Product: Nokia Flip 2780 4GB Unlocked - Excellent Price: $54.99
Product: T-Mobile REVVL 5G 128GB T790W GSM Unlocked - Excellent Price: $89.99
Product: TCL 40 XE 64GB T609J 5G Factory Unlocked - Excellent Price: $79.99
Product: ZTE Zmax 11 Consumer Cellular UNLOCKED GSM 4G LTE Smart Phone 6.5 Inch Screen Price: $52.99
Product: LG V40 ThinQ - AT&T - 64GB - New Aurora Black - Excellent Price: $89.00
Product: TCL 20 XE 5087Z Boost Mobile Unlocked 32GB Gray Excellent Price: $59.99
Product: Nokia G10 32GB TA-1338 4G LTE GSM Unlocked - Excellent Price: $59.99
Product: Motorola Edge 5G UW (2021) - Verizon - 128GB - Nebula Blue - Excellent Price: $94.00
Product: Apple iPhone 7 | 7+ Plus 32GB 128GB 256GB - Unlocked Verizon AT&T T-Mobile Metro Price: $79.95 to $184.95
Product: Excellent! (GSM Unlocked) Samsung Galaxy A13 SM-A135U 32GB Black Smartphone Price: $85.00
Product: Apple iPhone 6S 16GB 32GB 64GB 128GB Unlocked Verizon AT&T T-Mobile - Excellent! Price: $64.95 to $114.95
Product: Sonim XP5s 16GB XP5800 4G LTE GSM Unlocked Rugged Phone - Excellent Price: $59.99
Product: Motorola Moto G 5G (2022) 64GB XT2213-3 Unlocked - Excellent Price: $79.99
Product: TCL 30 5G 128GB T7760 Factory Unlocked - Excellent Price: $99.99
Product: Wingtech Celero5G DSH98123 Boost Mobile Unlocked 64GB Silver Excellent Price: $74.99
Product: CAT® S22 Rugged Flip phone 16GB Unlocked - T-Mobile Unlocked - Excellent Price: $52.99
Product: Motorola Moto G Power 64GB Black Unlocked - Excellent Condition Price: $79.99
Product: ZTE Blade A7P 32GB Z6252CA 4G LTE GSM Unlocked - Excellent Price: $59.99
Product: Motorola Moto G Power (2022) 64GB XT2165-5 4G LTE Factory Unlocked - Excellent Price: $79.99
Product: Sonim XP3 8GB XP3800 4G LTE GSM Unlocked Rugged Flip Phone - Excellent Price: $59.99
Product: Cat S22 Flip (16GB) 2.8" IP68 Water Resistant, 4G LTE GSM Unlocked - Excellent Price: $54.99
Product: Samsung Galaxy A13 LTE 32GB Unlocked Smartphone Black - Excellent Price: $75.00
Product: Samsung Galaxy A10E SM-A102U 32GB Black Unlocked /T-Mobile / Verizon - EXCELLENT Price: $62.90 to $85.00
Product: Apple iPhone 6S - 16GB | 32GB | 64GB | 128GB (Unlocked) Smartphone - Excellent Price: $69.95 to $119.95
Product: CAT S22 T-Mobile 4G LTE Rugged Touch Screen 16GB Android Flip Phone Price: $59.95
Product: Samsung Galaxy S7 - 32GB - G930 - GSM Unlocked AT&T Verizon T-Mobile - Excellent Price: $94.95
Product: Samsung Galaxy S7 - 32GB - G930 - GSM Unlocked AT&T Verizon T-Mobile - Excellent Price: $89.95
Product: Alcatel 3V 2019 32GB (5032W) - Metro Network Locked - Black - Excellent Price: $64.99
Product: Samsung Galaxy A13 - SM-A135U - 32GB - Black 4G LTE (AT&T Unlocked) excellent Price: $88.99
Product: Motorola Moto Z3 Play XT1929-4 32GB Deep Indigo Smartphone Excellent (Z3E) Price: $71.95
Product: BLU G73 128GB G0771 4G LTE Dual Sim GSM Unlocked - Excellent Price: $89.99
Product: Samsung Galaxy A14 A146U 64 GB Black T-Mobile Locked Single SIM Excellent Price: $94.96
Product: Samsung Galaxy S8 | S8 Plus G950U | G955U - 64GB - (Unlocked) Excellent Price: $99.95 to $139.95
Product: Samsung Galaxy S7 - 32GB - G930 - GSM Unlocked AT&T Verizon T-Mobile - Good Price: $79.95
Product: Apple iPhone 6+ Plus 16GB 64GB 128GB Unlocked Verizon AT&T T-Mobile - Excellent! Price: $64.95 to $104.95
Product: Apple iPhone 6S Plus 16GB 32GB 64GB 128GB Unlocked Verizon T-Mobile - Excellent! Price: $84.95 to $124.95
Product: Apple iPhone 7 - 32GB 128GB 256GB - Unlocked Verizon AT&T T-Mobile - Excellent! Price: $79.95 to $154.95
Product: Sonim XP3 Plus 16GB XP3900 4G LTE (T-Mobile) Only Rugged Flip Phone - Excellent Price: $59.99
Product: Apple iPhone 8 64GB (T-mobile ONLY) GRAY & SILVER (EXCELLENT) Price: $99.99
Product: T-Mobile Revvl 6 5G 64GB (T-Mobile) Unlocked Blue - Excellent Price: $89.99
Product: Apple iPhone 7 32GB Matte Black Unlocked Excellent Condition Price: $94.99
Product: Motorola One 5G UW Ace 64GB XT2113-1 (Verizon) Unlocked - Excellent Price: $79.99
Product: Apple iPhone 7 32GB Unlocked Excellent Condition - All Colors Price: $94.99
Product: LG G7 Fit 32GB Q850QM 4G LTE Factory Unlocked - Excellent Price: $79.99
Product: LG K30 16GB Black (Xfinity Only) - Excellent Price: $65.00
Product: OnePlus Nord N200 5G DE2118 Factory ULK Only 64GB Blue CERTIFIED PRE-OWNED Price: $89.99
Product: Excellent! Fully Unlocked 6.5" Samsung Galaxy A12 32GB Black SM-A125U Smartphone Price: $89.00
Product: Excellent! GSM Unlocked 6.5" Samsung Galaxy A03s SM-A037U 32GB Black Smartphone Price: $75.00
Product: Motorola Moto G Play 2023 3GB RAM 32GB 16MP - Blue Xfinity - Excellent Price: $79.99
Product: Nokia G100 128GB TA-1430 4G LTE Factory Unlocked - Excellent Price: $89.99
Product: Samsung Galaxy A13 5G SM-A136U Factory Unlocked 64GB Black Excellent Price: $99.99
Product: Motorola Moto G Pure 32GB XT2163-4 4G LTE Factory Unlocked - Excellent Price: $73.99
Product: Apple iPhone 7 - 32GB 128GB 256GB - Unlocked AT&T T-Mobile Verizon - Excellent Price: $79.95 to $154.95
Product: Apple iPhone 6S+ Plus - 16GB | 32GB | 64GB | 128GB (Unlocked) - Excellent Price: $79.95 to $119.95]]>
  </system-out>
</testsuite> <!-- ScenarioOne.EbayCartOne -->
